<?xml version="1.0" encoding="UTF-8"?>
<!-- Generated by org.testng.reporters.JUnitReportReporter -->
<testsuite hostname="DESKTOP-INM6OHN" failures="0" tests="1" name="orange_HRM.Orange_Testcases" time="2.181" errors="0" timestamp="18 Jul 2019 15:06:19 GMT" skipped="0">
  <testcase classname="orange_HRM.Orange_Testcases" name="login" time="2.181"/>
</testsuite> <!-- orange_HRM.Orange_Testcases -->
