<?xml version="1.0" encoding="UTF-8"?>
<!-- Generated by org.testng.reporters.JUnitReportReporter -->
<testsuite hostname="DESKTOP-INM6OHN" failures="0" tests="2" name="orange_HRM.Orange_Testcases" time="6.644" errors="0" timestamp="18 Jul 2019 17:07:21 GMT" skipped="0">
  <testcase classname="orange_HRM.Orange_Testcases" name="search" time="4.460"/>
  <testcase classname="orange_HRM.Orange_Testcases" name="login" time="2.184"/>
</testsuite> <!-- orange_HRM.Orange_Testcases -->
